<?xml version="1.0" encoding="UTF-8"?>
<robot generator="Robot 3.2.1 (Python 3.8.5 on win32)" generated="20200904 12:39:14.718" rpa="false">
<suite id="s1" name="Metofficetestsuite" source="C:\Users\Dale\PycharmProjects\MetOffice\Robot-Framework-MetOffice\TestCases\metofficetestsuite.robot">
<test id="s1-t1" name="TC1: I can find the forecast for Jacobs Ladder beach in Sidmouth and be taken to the appropriate forecast page">
<kw name="Start TestCase" library="Common" type="setup">
<kw name="Open Browser" library="SeleniumLibrary">
<doc>Opens a new browser instance to the optional ``url``.</doc>
<arguments>
<arg>https://www.metoffice.gov.uk/</arg>
<arg>chrome</arg>
</arguments>
<msg timestamp="20200904 12:39:15.084" level="INFO">Opening browser 'chrome' to base url 'https://www.metoffice.gov.uk/'.</msg>
<status status="PASS" starttime="20200904 12:39:15.083" endtime="20200904 12:39:20.971"></status>
</kw>
<kw name="Maximize Browser Window" library="SeleniumLibrary">
<doc>Maximizes current browser window.</doc>
<status status="PASS" starttime="20200904 12:39:20.972" endtime="20200904 12:39:23.184"></status>
</kw>
<kw name="Click Button" library="SeleniumLibrary">
<doc>Clicks the button identified by ``locator``.</doc>
<arguments>
<arg>${HPCookiesDisclaimerBtn}</arg>
</arguments>
<msg timestamp="20200904 12:39:23.188" level="INFO">Clicking button 'xpath://html/body/section/div/div/div[2]/div[1]/button'.</msg>
<kw name="Capture Page Screenshot" library="SeleniumLibrary">
<doc>Takes a screenshot of the current page and embeds it into a log file.</doc>
<msg timestamp="20200904 12:39:24.663" level="INFO" html="yes">&lt;/td&gt;&lt;/tr&gt;&lt;tr&gt;&lt;td colspan="3"&gt;&lt;a href="selenium-screenshot-59.png"&gt;&lt;img src="selenium-screenshot-59.png" width="800px"&gt;&lt;/a&gt;</msg>
<status status="PASS" starttime="20200904 12:39:23.301" endtime="20200904 12:39:24.664"></status>
</kw>
<msg timestamp="20200904 12:39:24.694" level="FAIL">Button with locator 'xpath://html/body/section/div/div/div[2]/div[1]/button' not found.</msg>
<status status="FAIL" starttime="20200904 12:39:23.185" endtime="20200904 12:39:24.694"></status>
</kw>
<status status="FAIL" starttime="20200904 12:39:15.083" endtime="20200904 12:39:24.695"></status>
</kw>
<kw name="Finish TestCase" library="KeywordsForecast" type="teardown">
<kw name="Close All Browsers" library="SeleniumLibrary">
<doc>Closes all open browsers and resets the browser cache.</doc>
<status status="PASS" starttime="20200904 12:39:24.708" endtime="20200904 12:39:27.850"></status>
</kw>
<status status="PASS" starttime="20200904 12:39:24.707" endtime="20200904 12:39:27.850"></status>
</kw>
<tags>
<tag>Functional Tests - Forecast</tag>
</tags>
<status status="FAIL" starttime="20200904 12:39:15.082" endtime="20200904 12:39:27.851" critical="yes">Setup failed:
Button with locator 'xpath://html/body/section/div/div/div[2]/div[1]/button' not found.</status>
</test>
<test id="s1-t2" name="TC2: 7 days of forecasts should be shown on the forecast page">
<kw name="Start TestCase" library="Common" type="setup">
<kw name="Open Browser" library="SeleniumLibrary">
<doc>Opens a new browser instance to the optional ``url``.</doc>
<arguments>
<arg>https://www.metoffice.gov.uk/</arg>
<arg>chrome</arg>
</arguments>
<msg timestamp="20200904 12:39:27.854" level="INFO">Opening browser 'chrome' to base url 'https://www.metoffice.gov.uk/'.</msg>
<status status="PASS" starttime="20200904 12:39:27.854" endtime="20200904 12:39:32.793"></status>
</kw>
<kw name="Maximize Browser Window" library="SeleniumLibrary">
<doc>Maximizes current browser window.</doc>
<status status="PASS" starttime="20200904 12:39:32.793" endtime="20200904 12:39:35.155"></status>
</kw>
<kw name="Click Button" library="SeleniumLibrary">
<doc>Clicks the button identified by ``locator``.</doc>
<arguments>
<arg>${HPCookiesDisclaimerBtn}</arg>
</arguments>
<msg timestamp="20200904 12:39:35.157" level="INFO">Clicking button 'xpath://html/body/section/div/div/div[2]/div[1]/button'.</msg>
<kw name="Capture Page Screenshot" library="SeleniumLibrary">
<doc>Takes a screenshot of the current page and embeds it into a log file.</doc>
<msg timestamp="20200904 12:39:38.998" level="INFO" html="yes">&lt;/td&gt;&lt;/tr&gt;&lt;tr&gt;&lt;td colspan="3"&gt;&lt;a href="selenium-screenshot-60.png"&gt;&lt;img src="selenium-screenshot-60.png" width="800px"&gt;&lt;/a&gt;</msg>
<status status="PASS" starttime="20200904 12:39:35.208" endtime="20200904 12:39:38.998"></status>
</kw>
<msg timestamp="20200904 12:39:39.000" level="FAIL">Button with locator 'xpath://html/body/section/div/div/div[2]/div[1]/button' not found.</msg>
<status status="FAIL" starttime="20200904 12:39:35.156" endtime="20200904 12:39:39.000"></status>
</kw>
<status status="FAIL" starttime="20200904 12:39:27.853" endtime="20200904 12:39:39.000"></status>
</kw>
<kw name="Finish TestCase" library="KeywordsForecast" type="teardown">
<kw name="Close All Browsers" library="SeleniumLibrary">
<doc>Closes all open browsers and resets the browser cache.</doc>
<status status="PASS" starttime="20200904 12:39:39.002" endtime="20200904 12:39:44.514"></status>
</kw>
<status status="PASS" starttime="20200904 12:39:39.001" endtime="20200904 12:39:44.515"></status>
</kw>
<tags>
<tag>Functional Tests - Forecast</tag>
</tags>
<status status="FAIL" starttime="20200904 12:39:27.852" endtime="20200904 12:39:44.515" critical="yes">Setup failed:
Button with locator 'xpath://html/body/section/div/div/div[2]/div[1]/button' not found.</status>
</test>
<test id="s1-t3" name="TC3: There should be a forecast for South West England on the forecast page">
<kw name="Start TestCase" library="Common" type="setup">
<kw name="Open Browser" library="SeleniumLibrary">
<doc>Opens a new browser instance to the optional ``url``.</doc>
<arguments>
<arg>https://www.metoffice.gov.uk/</arg>
<arg>chrome</arg>
</arguments>
<msg timestamp="20200904 12:39:44.538" level="INFO">Opening browser 'chrome' to base url 'https://www.metoffice.gov.uk/'.</msg>
<status status="PASS" starttime="20200904 12:39:44.538" endtime="20200904 12:39:50.049"></status>
</kw>
<kw name="Maximize Browser Window" library="SeleniumLibrary">
<doc>Maximizes current browser window.</doc>
<status status="PASS" starttime="20200904 12:39:50.050" endtime="20200904 12:39:53.239"></status>
</kw>
<kw name="Click Button" library="SeleniumLibrary">
<doc>Clicks the button identified by ``locator``.</doc>
<arguments>
<arg>${HPCookiesDisclaimerBtn}</arg>
</arguments>
<msg timestamp="20200904 12:39:53.240" level="INFO">Clicking button 'xpath://html/body/section/div/div/div[2]/div[1]/button'.</msg>
<kw name="Capture Page Screenshot" library="SeleniumLibrary">
<doc>Takes a screenshot of the current page and embeds it into a log file.</doc>
<msg timestamp="20200904 12:39:54.849" level="INFO" html="yes">&lt;/td&gt;&lt;/tr&gt;&lt;tr&gt;&lt;td colspan="3"&gt;&lt;a href="selenium-screenshot-61.png"&gt;&lt;img src="selenium-screenshot-61.png" width="800px"&gt;&lt;/a&gt;</msg>
<status status="PASS" starttime="20200904 12:39:53.276" endtime="20200904 12:39:54.849"></status>
</kw>
<msg timestamp="20200904 12:39:54.850" level="FAIL">Button with locator 'xpath://html/body/section/div/div/div[2]/div[1]/button' not found.</msg>
<status status="FAIL" starttime="20200904 12:39:53.240" endtime="20200904 12:39:54.851"></status>
</kw>
<status status="FAIL" starttime="20200904 12:39:44.537" endtime="20200904 12:39:54.851"></status>
</kw>
<kw name="Finish TestCase" library="KeywordsForecast" type="teardown">
<kw name="Close All Browsers" library="SeleniumLibrary">
<doc>Closes all open browsers and resets the browser cache.</doc>
<status status="PASS" starttime="20200904 12:39:54.880" endtime="20200904 12:39:58.564"></status>
</kw>
<status status="PASS" starttime="20200904 12:39:54.879" endtime="20200904 12:39:58.564"></status>
</kw>
<tags>
<tag>Functional Tests - Forecast</tag>
</tags>
<status status="FAIL" starttime="20200904 12:39:44.529" endtime="20200904 12:39:58.565" critical="yes">Setup failed:
Button with locator 'xpath://html/body/section/div/div/div[2]/div[1]/button' not found.</status>
</test>
<test id="s1-t4" name="TC4: There should be a beach forecast available for Jacobs Ladder">
<kw name="Start TestCase" library="Common" type="setup">
<kw name="Open Browser" library="SeleniumLibrary">
<doc>Opens a new browser instance to the optional ``url``.</doc>
<arguments>
<arg>https://www.metoffice.gov.uk/</arg>
<arg>chrome</arg>
</arguments>
<msg timestamp="20200904 12:39:58.569" level="INFO">Opening browser 'chrome' to base url 'https://www.metoffice.gov.uk/'.</msg>
<status status="PASS" starttime="20200904 12:39:58.568" endtime="20200904 12:40:03.952"></status>
</kw>
<kw name="Maximize Browser Window" library="SeleniumLibrary">
<doc>Maximizes current browser window.</doc>
<status status="PASS" starttime="20200904 12:40:03.952" endtime="20200904 12:40:06.252"></status>
</kw>
<kw name="Click Button" library="SeleniumLibrary">
<doc>Clicks the button identified by ``locator``.</doc>
<arguments>
<arg>${HPCookiesDisclaimerBtn}</arg>
</arguments>
<msg timestamp="20200904 12:40:06.255" level="INFO">Clicking button 'xpath://html/body/section/div/div/div[2]/div[1]/button'.</msg>
<kw name="Capture Page Screenshot" library="SeleniumLibrary">
<doc>Takes a screenshot of the current page and embeds it into a log file.</doc>
<msg timestamp="20200904 12:40:07.425" level="INFO" html="yes">&lt;/td&gt;&lt;/tr&gt;&lt;tr&gt;&lt;td colspan="3"&gt;&lt;a href="selenium-screenshot-62.png"&gt;&lt;img src="selenium-screenshot-62.png" width="800px"&gt;&lt;/a&gt;</msg>
<status status="PASS" starttime="20200904 12:40:06.335" endtime="20200904 12:40:07.425"></status>
</kw>
<msg timestamp="20200904 12:40:07.426" level="FAIL">Button with locator 'xpath://html/body/section/div/div/div[2]/div[1]/button' not found.</msg>
<status status="FAIL" starttime="20200904 12:40:06.254" endtime="20200904 12:40:07.426"></status>
</kw>
<status status="FAIL" starttime="20200904 12:39:58.568" endtime="20200904 12:40:07.427"></status>
</kw>
<kw name="Finish TestCase" library="KeywordsForecast" type="teardown">
<kw name="Close All Browsers" library="SeleniumLibrary">
<doc>Closes all open browsers and resets the browser cache.</doc>
<status status="PASS" starttime="20200904 12:40:07.605" endtime="20200904 12:40:11.202"></status>
</kw>
<status status="PASS" starttime="20200904 12:40:07.603" endtime="20200904 12:40:11.202"></status>
</kw>
<tags>
<tag>Functional Tests - Forecast</tag>
</tags>
<status status="FAIL" starttime="20200904 12:39:58.567" endtime="20200904 12:40:11.203" critical="yes">Setup failed:
Button with locator 'xpath://html/body/section/div/div/div[2]/div[1]/button' not found.</status>
</test>
<test id="s1-t5" name="TC5: There should not be a beach forecast for Sidmouth">
<kw name="Start TestCase" library="Common" type="setup">
<kw name="Open Browser" library="SeleniumLibrary">
<doc>Opens a new browser instance to the optional ``url``.</doc>
<arguments>
<arg>https://www.metoffice.gov.uk/</arg>
<arg>chrome</arg>
</arguments>
<msg timestamp="20200904 12:40:11.206" level="INFO">Opening browser 'chrome' to base url 'https://www.metoffice.gov.uk/'.</msg>
<status status="PASS" starttime="20200904 12:40:11.206" endtime="20200904 12:40:16.017"></status>
</kw>
<kw name="Maximize Browser Window" library="SeleniumLibrary">
<doc>Maximizes current browser window.</doc>
<status status="PASS" starttime="20200904 12:40:16.018" endtime="20200904 12:40:18.435"></status>
</kw>
<kw name="Click Button" library="SeleniumLibrary">
<doc>Clicks the button identified by ``locator``.</doc>
<arguments>
<arg>${HPCookiesDisclaimerBtn}</arg>
</arguments>
<msg timestamp="20200904 12:40:18.437" level="INFO">Clicking button 'xpath://html/body/section/div/div/div[2]/div[1]/button'.</msg>
<kw name="Capture Page Screenshot" library="SeleniumLibrary">
<doc>Takes a screenshot of the current page and embeds it into a log file.</doc>
<msg timestamp="20200904 12:40:19.543" level="INFO" html="yes">&lt;/td&gt;&lt;/tr&gt;&lt;tr&gt;&lt;td colspan="3"&gt;&lt;a href="selenium-screenshot-63.png"&gt;&lt;img src="selenium-screenshot-63.png" width="800px"&gt;&lt;/a&gt;</msg>
<status status="PASS" starttime="20200904 12:40:18.502" endtime="20200904 12:40:19.544"></status>
</kw>
<msg timestamp="20200904 12:40:19.545" level="FAIL">Button with locator 'xpath://html/body/section/div/div/div[2]/div[1]/button' not found.</msg>
<status status="FAIL" starttime="20200904 12:40:18.436" endtime="20200904 12:40:19.545"></status>
</kw>
<status status="FAIL" starttime="20200904 12:40:11.205" endtime="20200904 12:40:19.546"></status>
</kw>
<kw name="Finish TestCase" library="KeywordsForecast" type="teardown">
<kw name="Close All Browsers" library="SeleniumLibrary">
<doc>Closes all open browsers and resets the browser cache.</doc>
<status status="PASS" starttime="20200904 12:40:19.547" endtime="20200904 12:40:22.268"></status>
</kw>
<status status="PASS" starttime="20200904 12:40:19.546" endtime="20200904 12:40:22.268"></status>
</kw>
<tags>
<tag>Functional Tests - Forecast</tag>
</tags>
<status status="FAIL" starttime="20200904 12:40:11.204" endtime="20200904 12:40:22.269" critical="yes">Setup failed:
Button with locator 'xpath://html/body/section/div/div/div[2]/div[1]/button' not found.</status>
</test>
<test id="s1-t6" name="TC6: GHERKIN - I can find the forecast for Jacobs Ladder beach in Sidmouth and be taken to the appropriate forecast page">
<kw name="Start TestCase" library="Common" type="setup">
<kw name="Open Browser" library="SeleniumLibrary">
<doc>Opens a new browser instance to the optional ``url``.</doc>
<arguments>
<arg>https://www.metoffice.gov.uk/</arg>
<arg>chrome</arg>
</arguments>
<msg timestamp="20200904 12:40:22.273" level="INFO">Opening browser 'chrome' to base url 'https://www.metoffice.gov.uk/'.</msg>
<status status="PASS" starttime="20200904 12:40:22.272" endtime="20200904 12:40:27.367"></status>
</kw>
<kw name="Maximize Browser Window" library="SeleniumLibrary">
<doc>Maximizes current browser window.</doc>
<status status="PASS" starttime="20200904 12:40:27.367" endtime="20200904 12:40:29.691"></status>
</kw>
<kw name="Click Button" library="SeleniumLibrary">
<doc>Clicks the button identified by ``locator``.</doc>
<arguments>
<arg>${HPCookiesDisclaimerBtn}</arg>
</arguments>
<msg timestamp="20200904 12:40:29.692" level="INFO">Clicking button 'xpath://html/body/section/div/div/div[2]/div[1]/button'.</msg>
<kw name="Capture Page Screenshot" library="SeleniumLibrary">
<doc>Takes a screenshot of the current page and embeds it into a log file.</doc>
<msg timestamp="20200904 12:40:31.147" level="INFO" html="yes">&lt;/td&gt;&lt;/tr&gt;&lt;tr&gt;&lt;td colspan="3"&gt;&lt;a href="selenium-screenshot-64.png"&gt;&lt;img src="selenium-screenshot-64.png" width="800px"&gt;&lt;/a&gt;</msg>
<status status="PASS" starttime="20200904 12:40:29.773" endtime="20200904 12:40:31.147"></status>
</kw>
<msg timestamp="20200904 12:40:31.149" level="FAIL">Button with locator 'xpath://html/body/section/div/div/div[2]/div[1]/button' not found.</msg>
<status status="FAIL" starttime="20200904 12:40:29.692" endtime="20200904 12:40:31.149"></status>
</kw>
<status status="FAIL" starttime="20200904 12:40:22.272" endtime="20200904 12:40:31.150"></status>
</kw>
<kw name="Finish TestCase" library="KeywordsForecast" type="teardown">
<kw name="Close All Browsers" library="SeleniumLibrary">
<doc>Closes all open browsers and resets the browser cache.</doc>
<status status="PASS" starttime="20200904 12:40:31.167" endtime="20200904 12:40:33.857"></status>
</kw>
<status status="PASS" starttime="20200904 12:40:31.166" endtime="20200904 12:40:33.857"></status>
</kw>
<tags>
<tag>Demo - Gherkin Syntax</tag>
</tags>
<status status="FAIL" starttime="20200904 12:40:22.271" endtime="20200904 12:40:33.858" critical="yes">Setup failed:
Button with locator 'xpath://html/body/section/div/div/div[2]/div[1]/button' not found.</status>
</test>
<test id="s1-t7" name="TC7: THIS TEST CASE WILL FAIL - 7 days of forecasts should be shown on the forecast page">
<kw name="Start TestCase" library="Common" type="setup">
<kw name="Open Browser" library="SeleniumLibrary">
<doc>Opens a new browser instance to the optional ``url``.</doc>
<arguments>
<arg>https://www.metoffice.gov.uk/</arg>
<arg>chrome</arg>
</arguments>
<msg timestamp="20200904 12:40:33.861" level="INFO">Opening browser 'chrome' to base url 'https://www.metoffice.gov.uk/'.</msg>
<status status="PASS" starttime="20200904 12:40:33.861" endtime="20200904 12:40:39.600"></status>
</kw>
<kw name="Maximize Browser Window" library="SeleniumLibrary">
<doc>Maximizes current browser window.</doc>
<status status="PASS" starttime="20200904 12:40:39.600" endtime="20200904 12:40:41.984"></status>
</kw>
<kw name="Click Button" library="SeleniumLibrary">
<doc>Clicks the button identified by ``locator``.</doc>
<arguments>
<arg>${HPCookiesDisclaimerBtn}</arg>
</arguments>
<msg timestamp="20200904 12:40:41.987" level="INFO">Clicking button 'xpath://html/body/section/div/div/div[2]/div[1]/button'.</msg>
<kw name="Capture Page Screenshot" library="SeleniumLibrary">
<doc>Takes a screenshot of the current page and embeds it into a log file.</doc>
<msg timestamp="20200904 12:40:43.574" level="INFO" html="yes">&lt;/td&gt;&lt;/tr&gt;&lt;tr&gt;&lt;td colspan="3"&gt;&lt;a href="selenium-screenshot-65.png"&gt;&lt;img src="selenium-screenshot-65.png" width="800px"&gt;&lt;/a&gt;</msg>
<status status="PASS" starttime="20200904 12:40:42.037" endtime="20200904 12:40:43.574"></status>
</kw>
<msg timestamp="20200904 12:40:43.575" level="FAIL">Button with locator 'xpath://html/body/section/div/div/div[2]/div[1]/button' not found.</msg>
<status status="FAIL" starttime="20200904 12:40:41.985" endtime="20200904 12:40:43.575"></status>
</kw>
<status status="FAIL" starttime="20200904 12:40:33.861" endtime="20200904 12:40:43.575"></status>
</kw>
<kw name="Finish TestCase" library="KeywordsForecast" type="teardown">
<kw name="Close All Browsers" library="SeleniumLibrary">
<doc>Closes all open browsers and resets the browser cache.</doc>
<status status="PASS" starttime="20200904 12:40:43.588" endtime="20200904 12:40:46.790"></status>
</kw>
<status status="PASS" starttime="20200904 12:40:43.587" endtime="20200904 12:40:46.790"></status>
</kw>
<tags>
<tag>Demo - Failed Test</tag>
</tags>
<status status="FAIL" starttime="20200904 12:40:33.859" endtime="20200904 12:40:46.791" critical="yes">Setup failed:
Button with locator 'xpath://html/body/section/div/div/div[2]/div[1]/button' not found.</status>
</test>
<doc>Suite description</doc>
<status status="FAIL" starttime="20200904 12:39:14.721" endtime="20200904 12:40:46.794"></status>
</suite>
<statistics>
<total>
<stat pass="0" fail="7">Critical Tests</stat>
<stat pass="0" fail="7">All Tests</stat>
</total>
<tag>
<stat pass="0" fail="1">Demo - Failed Test</stat>
<stat pass="0" fail="1">Demo - Gherkin Syntax</stat>
<stat pass="0" fail="5">Functional Tests - Forecast</stat>
</tag>
<suite>
<stat pass="0" fail="7" id="s1" name="Metofficetestsuite">Metofficetestsuite</stat>
</suite>
</statistics>
<errors>
</errors>
</robot>
